<?xml version="1.0" encoding="UTF-8"?>
<!-- Generated by org.testng.reporters.JUnitReportReporter -->
<testsuite skipped="0" hostname="Tattva-PC" name="testScript.FourthTest" tests="1" failures="0" timestamp="2023-02-19T15:28:19 IST" time="27.385" errors="0">
  <testcase name="fourthTest" time="27.385" classname="testScript.FourthTest"/>
  <system-out/>
</testsuite> <!-- testScript.FourthTest -->
