<?xml version="1.0" encoding="UTF-8"?>
<!-- Generated by org.testng.reporters.JUnitReportReporter -->
<testsuite skipped="0" hostname="Tattva-PC" name="testScript.SecondTest" tests="1" failures="0" timestamp="2023-02-19T20:48:00 IST" time="19.671" errors="0">
  <testcase name="secondTest" time="19.671" classname="testScript.SecondTest"/>
  <system-out/>
</testsuite> <!-- testScript.SecondTest -->
